<?xml version="1.0" encoding="UTF-8"?>
<testsuite name="com.github.ichenkaihua.test.unit.BaseUnitTest" tests="1" skipped="0" failures="0" errors="0" timestamp="2016-06-20T05:12:09" hostname="zhanghr-pc" time="1.607">
  <properties/>
  <testcase name="emTest" classname="com.github.ichenkaihua.test.unit.BaseUnitTest" time="1.607"/>
  <system-out><![CDATA[2016-06-20 13:12:07 [Test worker] INFO  org.springframework.test.context.support.DefaultTestContextBootstrapper(259) - Loaded default TestExecutionListener class names from location [META-INF/spring.factories]: [org.springframework.test.context.web.ServletTestExecutionListener, org.springframework.test.context.support.DirtiesContextBeforeModesTestExecutionListener, org.springframework.test.context.support.DependencyInjectionTestExecutionListener, org.springframework.test.context.support.DirtiesContextTestExecutionListener, org.springframework.test.context.transaction.TransactionalTestExecutionListener, org.springframework.test.context.jdbc.SqlScriptsTestExecutionListener]
2016-06-20 13:12:07 [Test worker] INFO  org.springframework.test.context.support.DefaultTestContextBootstrapper(185) - Using TestExecutionListeners: [org.springframework.test.context.web.ServletTestExecutionListener@10be1998, org.springframework.test.context.support.DirtiesContextBeforeModesTestExecutionListener@729f57be, org.springframework.test.context.support.DependencyInjectionTestExecutionListener@5f6512a0, org.springframework.test.context.support.DirtiesContextTestExecutionListener@1625cad5, org.springframework.test.context.transaction.TransactionalTestExecutionListener@76377350, org.springframework.test.context.jdbc.SqlScriptsTestExecutionListener@7e1de88f]
2016-06-20 13:12:07 [Test worker] INFO  org.springframework.beans.factory.xml.XmlBeanDefinitionReader(317) - Loading XML bean definitions from class path resource [spring-config-test.xml]
2016-06-20 13:12:07 [Test worker] INFO  org.springframework.beans.factory.xml.XmlBeanDefinitionReader(317) - Loading XML bean definitions from class path resource [spring-tomcat-pool.xml]
2016-06-20 13:12:07 [Test worker] INFO  org.springframework.beans.factory.support.DefaultListableBeanFactory(839) - Overriding bean definition for bean 'dataSource' with a different definition: replacing [Generic bean: class [org.springframework.jdbc.datasource.DriverManagerDataSource]; scope=; abstract=false; lazyInit=false; autowireMode=0; dependencyCheck=0; autowireCandidate=true; primary=false; factoryBeanName=null; factoryMethodName=null; initMethodName=null; destroyMethodName=null; defined in class path resource [spring-config-test.xml]] with [Generic bean: class [org.apache.tomcat.jdbc.pool.DataSource]; scope=; abstract=false; lazyInit=false; autowireMode=0; dependencyCheck=0; autowireCandidate=true; primary=false; factoryBeanName=null; factoryMethodName=null; initMethodName=null; destroyMethodName=close; defined in class path resource [spring-tomcat-pool.xml]]
2016-06-20 13:12:07 [Test worker] INFO  org.springframework.beans.factory.xml.XmlBeanDefinitionReader(317) - Loading XML bean definitions from class path resource [spring-mybatis.xml]
2016-06-20 13:12:08 [Test worker] INFO  org.springframework.context.support.GenericApplicationContext(578) - Refreshing org.springframework.context.support.GenericApplicationContext@1740d3f3: startup date [Mon Jun 20 13:12:08 CST 2016]; root of context hierarchy
2016-06-20 13:12:08 [Test worker] INFO  org.springframework.context.support.PropertySourcesPlaceholderConfigurer(172) - Loading properties file from class path resource [jdbc-mysql.properties]
2016-06-20 13:12:08 [Test worker] INFO  org.springframework.context.support.PropertySourcesPlaceholderConfigurer(172) - Loading properties file from class path resource [tomcat-pool-config.properties]
2016-06-20 13:12:08 [Test worker] INFO  org.springframework.context.support.PropertySourcesPlaceholderConfigurer(172) - Loading properties file from class path resource [mail-config.properties]
2016-06-20 13:12:11 [Test worker] INFO  org.springframework.test.context.transaction.TransactionContext(101) - Began transaction (1) for test context [DefaultTestContext@729a25b4 testClass = BaseUnitTest, testInstance = com.github.ichenkaihua.test.unit.BaseUnitTest@7468585b, testMethod = emTest@BaseUnitTest, testException = [null], mergedContextConfiguration = [MergedContextConfiguration@293a3808 testClass = BaseUnitTest, locations = '{classpath:spring-config-test.xml}', classes = '{}', contextInitializerClasses = '[]', activeProfiles = '{}', propertySourceLocations = '{}', propertySourceProperties = '{}', contextLoader = 'org.springframework.test.context.support.DelegatingSmartContextLoader', parent = [null]]]; transaction manager [org.springframework.jdbc.datasource.DataSourceTransactionManager@6942d313]; rollback [true]
2016-06-20 13:12:11 [Test worker] INFO  org.springframework.test.context.transaction.TransactionContext(136) - Rolled back transaction for test context [DefaultTestContext@729a25b4 testClass = BaseUnitTest, testInstance = com.github.ichenkaihua.test.unit.BaseUnitTest@7468585b, testMethod = emTest@BaseUnitTest, testException = [null], mergedContextConfiguration = [MergedContextConfiguration@293a3808 testClass = BaseUnitTest, locations = '{classpath:spring-config-test.xml}', classes = '{}', contextInitializerClasses = '[]', activeProfiles = '{}', propertySourceLocations = '{}', propertySourceProperties = '{}', contextLoader = 'org.springframework.test.context.support.DelegatingSmartContextLoader', parent = [null]]].
]]></system-out>
  <system-err><![CDATA[]]></system-err>
</testsuite>
