<?xml version="1.0" encoding="UTF-8"?>
<testsuite name="com.github.ichenkaihua.test.web.Swagger2MarkupTest" tests="2" skipped="2" failures="0" errors="0" timestamp="2016-06-20T05:12:12" hostname="zhanghr-pc" time="0.0">
  <properties/>
  <testcase name="createSpringfoxSwaggerJson" classname="com.github.ichenkaihua.test.web.Swagger2MarkupTest" time="0.0">
    <skipped/>
  </testcase>
  <testcase name="addANewPetToTheStore" classname="com.github.ichenkaihua.test.web.Swagger2MarkupTest" time="0.0">
    <skipped/>
  </testcase>
  <system-out><![CDATA[2016-06-20 13:12:12 [Test worker] INFO  org.springframework.test.context.web.WebTestContextBootstrapper(259) - Loaded default TestExecutionListener class names from location [META-INF/spring.factories]: [org.springframework.test.context.web.ServletTestExecutionListener, org.springframework.test.context.support.DirtiesContextBeforeModesTestExecutionListener, org.springframework.test.context.support.DependencyInjectionTestExecutionListener, org.springframework.test.context.support.DirtiesContextTestExecutionListener, org.springframework.test.context.transaction.TransactionalTestExecutionListener, org.springframework.test.context.jdbc.SqlScriptsTestExecutionListener]
2016-06-20 13:12:12 [Test worker] INFO  org.springframework.test.context.web.WebTestContextBootstrapper(185) - Using TestExecutionListeners: [org.springframework.test.context.web.ServletTestExecutionListener@7a979e3d, org.springframework.test.context.support.DirtiesContextBeforeModesTestExecutionListener@d591186, org.springframework.test.context.support.DependencyInjectionTestExecutionListener@6315f941, org.springframework.test.context.support.DirtiesContextTestExecutionListener@5bc45842, org.springframework.test.context.transaction.TransactionalTestExecutionListener@1d644371, org.springframework.test.context.jdbc.SqlScriptsTestExecutionListener@5874a47a]
]]></system-out>
  <system-err><![CDATA[]]></system-err>
</testsuite>
