<?xml version="1.0" encoding="UTF-8"?>
<testsuite name="com.github.ichenkaihua.test.web.WebBaseTest" tests="1" skipped="1" failures="0" errors="0" timestamp="2016-06-20T05:12:14" hostname="zhanghr-pc" time="0.001">
  <properties/>
  <testcase name="emptyTest" classname="com.github.ichenkaihua.test.web.WebBaseTest" time="0.001">
    <skipped/>
  </testcase>
  <system-out><![CDATA[2016-06-20 13:12:14 [Test worker] INFO  org.springframework.test.context.web.WebTestContextBootstrapper(259) - Loaded default TestExecutionListener class names from location [META-INF/spring.factories]: [org.springframework.test.context.web.ServletTestExecutionListener, org.springframework.test.context.support.DirtiesContextBeforeModesTestExecutionListener, org.springframework.test.context.support.DependencyInjectionTestExecutionListener, org.springframework.test.context.support.DirtiesContextTestExecutionListener, org.springframework.test.context.transaction.TransactionalTestExecutionListener, org.springframework.test.context.jdbc.SqlScriptsTestExecutionListener]
2016-06-20 13:12:14 [Test worker] INFO  org.springframework.test.context.web.WebTestContextBootstrapper(185) - Using TestExecutionListeners: [org.springframework.test.context.web.ServletTestExecutionListener@2fe810e2, org.springframework.test.context.support.DirtiesContextBeforeModesTestExecutionListener@7e632f75, org.springframework.test.context.support.DependencyInjectionTestExecutionListener@3e6fc540, org.springframework.test.context.support.DirtiesContextTestExecutionListener@7bdc1dae, org.springframework.test.context.transaction.TransactionalTestExecutionListener@14dc6d37, org.springframework.test.context.jdbc.SqlScriptsTestExecutionListener@73a3e05e]
]]></system-out>
  <system-err><![CDATA[]]></system-err>
</testsuite>
